[2026-03-16 01:46:48Z INFO HostContext] No proxy settings were found based on environmental variables (http_proxy/https_proxy/HTTP_PROXY/HTTPS_PROXY)
[2026-03-16 01:46:48Z INFO HostContext] Well known directory 'Bin': 'C:\Users\ADMIN\Desktop\html5up-massively\actions-runner\bin'
[2026-03-16 01:46:48Z INFO HostContext] Well known directory 'Root': 'C:\Users\ADMIN\Desktop\html5up-massively\actions-runner'
[2026-03-16 01:46:48Z INFO HostContext] Well known config file 'Credentials': 'C:\Users\ADMIN\Desktop\html5up-massively\actions-runner\.credentials'
[2026-03-16 01:46:48Z INFO HostContext] Well known directory 'Bin': 'C:\Users\ADMIN\Desktop\html5up-massively\actions-runner\bin'
[2026-03-16 01:46:48Z INFO HostContext] Well known directory 'Root': 'C:\Users\ADMIN\Desktop\html5up-massively\actions-runner'
[2026-03-16 01:46:48Z INFO HostContext] Well known config file 'Runner': 'C:\Users\ADMIN\Desktop\html5up-massively\actions-runner\.runner'
[2026-03-16 01:46:48Z INFO Listener] Runner is built for Windows (X64) - win-x64.
[2026-03-16 01:46:48Z INFO Listener] RuntimeInformation: Microsoft Windows 10.0.26200.
[2026-03-16 01:46:48Z INFO Listener] Version: 2.332.0
[2026-03-16 01:46:48Z INFO Listener] Commit: a153d802ff96c51ac1b8d72dd8a38ebe830398fc
[2026-03-16 01:46:48Z INFO Listener] Culture: fr-FR
[2026-03-16 01:46:48Z INFO Listener] UI Culture: fr-FR
[2026-03-16 01:46:48Z INFO HostContext] Well known directory 'Bin': 'C:\Users\ADMIN\Desktop\html5up-massively\actions-runner\bin'
[2026-03-16 01:46:48Z INFO HostContext] Well known directory 'Root': 'C:\Users\ADMIN\Desktop\html5up-massively\actions-runner'
[2026-03-16 01:46:48Z INFO Listener] Validating directory permissions for: 'C:\Users\ADMIN\Desktop\html5up-massively\actions-runner'
[2026-03-16 01:46:48Z INFO CommandLineParser] Parse
[2026-03-16 01:46:48Z INFO CommandLineParser] Parsing 3 args
[2026-03-16 01:46:48Z INFO CommandLineParser] parsing argument
[2026-03-16 01:46:48Z INFO CommandLineParser] HasArgs: False
[2026-03-16 01:46:48Z INFO CommandLineParser] Adding Command: remove
[2026-03-16 01:46:48Z INFO CommandLineParser] parsing argument
[2026-03-16 01:46:48Z INFO CommandLineParser] HasArgs: True
[2026-03-16 01:46:48Z INFO CommandLineParser] arg: token
[2026-03-16 01:46:48Z INFO CommandLineParser] parsing argument
[2026-03-16 01:46:48Z INFO CommandLineParser] HasArgs: True
[2026-03-16 01:46:48Z INFO CommandLineParser] Adding option 'token': '***'
[2026-03-16 01:46:48Z INFO Listener] Arguments parsed
[2026-03-16 01:46:48Z INFO Runner] ExecuteCommand
[2026-03-16 01:46:48Z INFO ConfigurationStore] currentAssemblyLocation: C:\Users\ADMIN\Desktop\html5up-massively\actions-runner\bin\Runner.Listener.dll
[2026-03-16 01:46:48Z INFO HostContext] Well known directory 'Bin': 'C:\Users\ADMIN\Desktop\html5up-massively\actions-runner\bin'
[2026-03-16 01:46:48Z INFO ConfigurationStore] binPath: C:\Users\ADMIN\Desktop\html5up-massively\actions-runner\bin
[2026-03-16 01:46:48Z INFO HostContext] Well known directory 'Bin': 'C:\Users\ADMIN\Desktop\html5up-massively\actions-runner\bin'
[2026-03-16 01:46:48Z INFO HostContext] Well known directory 'Root': 'C:\Users\ADMIN\Desktop\html5up-massively\actions-runner'
[2026-03-16 01:46:48Z INFO ConfigurationStore] RootFolder: C:\Users\ADMIN\Desktop\html5up-massively\actions-runner
[2026-03-16 01:46:48Z INFO HostContext] Well known directory 'Bin': 'C:\Users\ADMIN\Desktop\html5up-massively\actions-runner\bin'
[2026-03-16 01:46:48Z INFO HostContext] Well known directory 'Root': 'C:\Users\ADMIN\Desktop\html5up-massively\actions-runner'
[2026-03-16 01:46:48Z INFO HostContext] Well known config file 'Runner': 'C:\Users\ADMIN\Desktop\html5up-massively\actions-runner\.runner'
[2026-03-16 01:46:48Z INFO ConfigurationStore] ConfigFilePath: C:\Users\ADMIN\Desktop\html5up-massively\actions-runner\.runner
[2026-03-16 01:46:48Z INFO HostContext] Well known directory 'Bin': 'C:\Users\ADMIN\Desktop\html5up-massively\actions-runner\bin'
[2026-03-16 01:46:48Z INFO HostContext] Well known directory 'Root': 'C:\Users\ADMIN\Desktop\html5up-massively\actions-runner'
[2026-03-16 01:46:48Z INFO HostContext] Well known config file 'MigratedRunner': 'C:\Users\ADMIN\Desktop\html5up-massively\actions-runner\.runner_migrated'
[2026-03-16 01:46:48Z INFO ConfigurationStore] MigratedConfigFilePath: C:\Users\ADMIN\Desktop\html5up-massively\actions-runner\.runner_migrated
[2026-03-16 01:46:48Z INFO HostContext] Well known directory 'Bin': 'C:\Users\ADMIN\Desktop\html5up-massively\actions-runner\bin'
[2026-03-16 01:46:48Z INFO HostContext] Well known directory 'Root': 'C:\Users\ADMIN\Desktop\html5up-massively\actions-runner'
[2026-03-16 01:46:48Z INFO HostContext] Well known config file 'Credentials': 'C:\Users\ADMIN\Desktop\html5up-massively\actions-runner\.credentials'
[2026-03-16 01:46:48Z INFO ConfigurationStore] CredFilePath: C:\Users\ADMIN\Desktop\html5up-massively\actions-runner\.credentials
[2026-03-16 01:46:48Z INFO HostContext] Well known directory 'Bin': 'C:\Users\ADMIN\Desktop\html5up-massively\actions-runner\bin'
[2026-03-16 01:46:48Z INFO HostContext] Well known directory 'Root': 'C:\Users\ADMIN\Desktop\html5up-massively\actions-runner'
[2026-03-16 01:46:48Z INFO HostContext] Well known config file 'MigratedCredentials': 'C:\Users\ADMIN\Desktop\html5up-massively\actions-runner\.credentials_migrated'
[2026-03-16 01:46:48Z INFO ConfigurationStore] MigratedCredFilePath: C:\Users\ADMIN\Desktop\html5up-massively\actions-runner\.credentials_migrated
[2026-03-16 01:46:48Z INFO HostContext] Well known directory 'Bin': 'C:\Users\ADMIN\Desktop\html5up-massively\actions-runner\bin'
[2026-03-16 01:46:48Z INFO HostContext] Well known directory 'Root': 'C:\Users\ADMIN\Desktop\html5up-massively\actions-runner'
[2026-03-16 01:46:48Z INFO HostContext] Well known config file 'Service': 'C:\Users\ADMIN\Desktop\html5up-massively\actions-runner\.service'
[2026-03-16 01:46:48Z INFO ConfigurationStore] ServiceConfigFilePath: C:\Users\ADMIN\Desktop\html5up-massively\actions-runner\.service
[2026-03-16 01:46:48Z INFO CommandSettings] Flag 'help': 'False'
[2026-03-16 01:46:48Z INFO CommandSettings] Flag 'version': 'False'
[2026-03-16 01:46:48Z INFO CommandSettings] Flag 'commit': 'False'
[2026-03-16 01:46:48Z INFO CommandSettings] Flag 'check': 'False'
[2026-03-16 01:46:48Z INFO CommandSettings] Command 'configure': 'False'
[2026-03-16 01:46:48Z INFO CommandSettings] Command 'remove': 'True'
[2026-03-16 01:46:48Z INFO CommandSettings] Flag 'local': 'False'
[2026-03-16 01:46:48Z INFO ConfigurationStore] IsServiceConfigured()
[2026-03-16 01:46:48Z INFO ConfigurationStore] IsServiceConfigured: False
[2026-03-16 01:46:48Z INFO ConfigurationStore] IsConfigured()
[2026-03-16 01:46:48Z INFO ConfigurationStore] IsConfigured: True
[2026-03-16 01:46:48Z INFO ConfigurationStore] HasCredentials()
[2026-03-16 01:46:48Z INFO ConfigurationStore] stored True
[2026-03-16 01:46:48Z INFO ConfigurationStore] Read setting file: 398 chars
[2026-03-16 01:46:48Z INFO CommandSettings] Arg 'token': '***'
[2026-03-16 01:46:48Z INFO CommandSettings] Remove token from Arg dictionary.
[2026-03-16 01:46:49Z INFO ConfigurationManager] Http response code: OK from 'POST https://api.github.com/actions/runner-registration' (F0E0:34EFBE:67B5CA3:58B2EF9:69B76F38)
[2026-03-16 01:46:49Z INFO ConfigurationManager] cred retrieved via GitHub auth
[2026-03-16 01:46:49Z INFO RunnerServer] EstablishVssConnection
[2026-03-16 01:46:49Z INFO RunnerServer] Establish connection with 100 seconds timeout.
[2026-03-16 01:46:49Z INFO GitHubActionsService] Starting operation Location.GetConnectionData
[2026-03-16 01:46:49Z INFO RunnerServer] EstablishVssConnection
[2026-03-16 01:46:49Z INFO RunnerServer] Establish connection with 60 seconds timeout.
[2026-03-16 01:46:49Z INFO GitHubActionsService] Starting operation Location.GetConnectionData
[2026-03-16 01:46:49Z INFO RunnerServer] EstablishVssConnection
[2026-03-16 01:46:49Z INFO RunnerServer] Establish connection with 60 seconds timeout.
[2026-03-16 01:46:49Z INFO GitHubActionsService] Starting operation Location.GetConnectionData
[2026-03-16 01:46:50Z INFO GitHubActionsService] Finished operation Location.GetConnectionData
[2026-03-16 01:46:50Z INFO GitHubActionsService] Finished operation Location.GetConnectionData
[2026-03-16 01:46:50Z INFO GitHubActionsService] Finished operation Location.GetConnectionData
[2026-03-16 01:46:52Z INFO Terminal] WRITE LINE: 
[2026-03-16 01:46:52Z INFO ConfigurationStore] IsConfigured()
[2026-03-16 01:46:52Z INFO ConfigurationStore] IsConfigured: True
[2026-03-16 01:46:52Z INFO ConfigurationStore] HasCredentials()
[2026-03-16 01:46:52Z INFO ConfigurationStore] stored True
[2026-03-16 01:46:52Z INFO HostContext] Well known directory 'Bin': 'C:\Users\ADMIN\Desktop\html5up-massively\actions-runner\bin'
[2026-03-16 01:46:52Z INFO HostContext] Well known directory 'Root': 'C:\Users\ADMIN\Desktop\html5up-massively\actions-runner'
[2026-03-16 01:46:52Z INFO HostContext] Well known config file 'RSACredentials': 'C:\Users\ADMIN\Desktop\html5up-massively\actions-runner\.credentials_rsaparams'
[2026-03-16 01:46:52Z INFO RSAEncryptedFileKeyManager] Deleting RSA key parameters file C:\Users\ADMIN\Desktop\html5up-massively\actions-runner\.credentials_rsaparams
[2026-03-16 01:46:52Z INFO Terminal] WRITE LINE: 
[2026-03-16 01:46:52Z INFO Listener] Runner execution has finished with return code 0
