[2026-03-16 01:47:01Z INFO HostContext] No proxy settings were found based on environmental variables (http_proxy/https_proxy/HTTP_PROXY/HTTPS_PROXY)
[2026-03-16 01:47:01Z INFO HostContext] Well known directory 'Bin': 'C:\Users\ADMIN\Desktop\html5up-massively\actions-runner\bin'
[2026-03-16 01:47:01Z INFO HostContext] Well known directory 'Root': 'C:\Users\ADMIN\Desktop\html5up-massively\actions-runner'
[2026-03-16 01:47:01Z INFO HostContext] Well known config file 'Credentials': 'C:\Users\ADMIN\Desktop\html5up-massively\actions-runner\.credentials'
[2026-03-16 01:47:01Z INFO HostContext] Well known directory 'Bin': 'C:\Users\ADMIN\Desktop\html5up-massively\actions-runner\bin'
[2026-03-16 01:47:01Z INFO HostContext] Well known directory 'Root': 'C:\Users\ADMIN\Desktop\html5up-massively\actions-runner'
[2026-03-16 01:47:01Z INFO HostContext] Well known config file 'Runner': 'C:\Users\ADMIN\Desktop\html5up-massively\actions-runner\.runner'
[2026-03-16 01:47:01Z INFO Listener] Runner is built for Windows (X64) - win-x64.
[2026-03-16 01:47:01Z INFO Listener] RuntimeInformation: Microsoft Windows 10.0.26200.
[2026-03-16 01:47:01Z INFO Listener] Version: 2.332.0
[2026-03-16 01:47:01Z INFO Listener] Commit: a153d802ff96c51ac1b8d72dd8a38ebe830398fc
[2026-03-16 01:47:01Z INFO Listener] Culture: fr-FR
[2026-03-16 01:47:01Z INFO Listener] UI Culture: fr-FR
[2026-03-16 01:47:01Z INFO HostContext] Well known directory 'Bin': 'C:\Users\ADMIN\Desktop\html5up-massively\actions-runner\bin'
[2026-03-16 01:47:01Z INFO HostContext] Well known directory 'Root': 'C:\Users\ADMIN\Desktop\html5up-massively\actions-runner'
[2026-03-16 01:47:01Z INFO Listener] Validating directory permissions for: 'C:\Users\ADMIN\Desktop\html5up-massively\actions-runner'
[2026-03-16 01:47:01Z INFO CommandLineParser] Parse
[2026-03-16 01:47:01Z INFO CommandLineParser] Parsing 8 args
[2026-03-16 01:47:01Z INFO CommandLineParser] parsing argument
[2026-03-16 01:47:01Z INFO CommandLineParser] HasArgs: False
[2026-03-16 01:47:01Z INFO CommandLineParser] Adding Command: configure
[2026-03-16 01:47:01Z INFO CommandLineParser] parsing argument
[2026-03-16 01:47:01Z INFO CommandLineParser] HasArgs: True
[2026-03-16 01:47:01Z INFO CommandLineParser] arg: url
[2026-03-16 01:47:01Z INFO CommandLineParser] parsing argument
[2026-03-16 01:47:01Z INFO CommandLineParser] HasArgs: True
[2026-03-16 01:47:01Z INFO CommandLineParser] Adding option 'url': 'https://github.com/Awalodia/devops-static-website'
[2026-03-16 01:47:01Z INFO CommandLineParser] parsing argument
[2026-03-16 01:47:01Z INFO CommandLineParser] HasArgs: True
[2026-03-16 01:47:01Z INFO CommandLineParser] arg: token
[2026-03-16 01:47:01Z INFO CommandLineParser] parsing argument
[2026-03-16 01:47:01Z INFO CommandLineParser] HasArgs: True
[2026-03-16 01:47:01Z INFO CommandLineParser] Adding option 'token': '***'
[2026-03-16 01:47:01Z INFO CommandLineParser] parsing argument
[2026-03-16 01:47:01Z INFO CommandLineParser] HasArgs: True
[2026-03-16 01:47:01Z INFO CommandLineParser] arg: name
[2026-03-16 01:47:01Z INFO CommandLineParser] parsing argument
[2026-03-16 01:47:01Z INFO CommandLineParser] HasArgs: True
[2026-03-16 01:47:01Z INFO CommandLineParser] Adding option 'name': 'AWA-2'
[2026-03-16 01:47:01Z INFO CommandLineParser] parsing argument
[2026-03-16 01:47:01Z INFO CommandLineParser] HasArgs: True
[2026-03-16 01:47:01Z INFO CommandLineParser] arg: unattended
[2026-03-16 01:47:01Z INFO Listener] Arguments parsed
[2026-03-16 01:47:02Z INFO Runner] ExecuteCommand
[2026-03-16 01:47:02Z INFO ConfigurationStore] currentAssemblyLocation: C:\Users\ADMIN\Desktop\html5up-massively\actions-runner\bin\Runner.Listener.dll
[2026-03-16 01:47:02Z INFO HostContext] Well known directory 'Bin': 'C:\Users\ADMIN\Desktop\html5up-massively\actions-runner\bin'
[2026-03-16 01:47:02Z INFO ConfigurationStore] binPath: C:\Users\ADMIN\Desktop\html5up-massively\actions-runner\bin
[2026-03-16 01:47:02Z INFO HostContext] Well known directory 'Bin': 'C:\Users\ADMIN\Desktop\html5up-massively\actions-runner\bin'
[2026-03-16 01:47:02Z INFO HostContext] Well known directory 'Root': 'C:\Users\ADMIN\Desktop\html5up-massively\actions-runner'
[2026-03-16 01:47:02Z INFO ConfigurationStore] RootFolder: C:\Users\ADMIN\Desktop\html5up-massively\actions-runner
[2026-03-16 01:47:02Z INFO HostContext] Well known directory 'Bin': 'C:\Users\ADMIN\Desktop\html5up-massively\actions-runner\bin'
[2026-03-16 01:47:02Z INFO HostContext] Well known directory 'Root': 'C:\Users\ADMIN\Desktop\html5up-massively\actions-runner'
[2026-03-16 01:47:02Z INFO HostContext] Well known config file 'Runner': 'C:\Users\ADMIN\Desktop\html5up-massively\actions-runner\.runner'
[2026-03-16 01:47:02Z INFO ConfigurationStore] ConfigFilePath: C:\Users\ADMIN\Desktop\html5up-massively\actions-runner\.runner
[2026-03-16 01:47:02Z INFO HostContext] Well known directory 'Bin': 'C:\Users\ADMIN\Desktop\html5up-massively\actions-runner\bin'
[2026-03-16 01:47:02Z INFO HostContext] Well known directory 'Root': 'C:\Users\ADMIN\Desktop\html5up-massively\actions-runner'
[2026-03-16 01:47:02Z INFO HostContext] Well known config file 'MigratedRunner': 'C:\Users\ADMIN\Desktop\html5up-massively\actions-runner\.runner_migrated'
[2026-03-16 01:47:02Z INFO ConfigurationStore] MigratedConfigFilePath: C:\Users\ADMIN\Desktop\html5up-massively\actions-runner\.runner_migrated
[2026-03-16 01:47:02Z INFO HostContext] Well known directory 'Bin': 'C:\Users\ADMIN\Desktop\html5up-massively\actions-runner\bin'
[2026-03-16 01:47:02Z INFO HostContext] Well known directory 'Root': 'C:\Users\ADMIN\Desktop\html5up-massively\actions-runner'
[2026-03-16 01:47:02Z INFO HostContext] Well known config file 'Credentials': 'C:\Users\ADMIN\Desktop\html5up-massively\actions-runner\.credentials'
[2026-03-16 01:47:02Z INFO ConfigurationStore] CredFilePath: C:\Users\ADMIN\Desktop\html5up-massively\actions-runner\.credentials
[2026-03-16 01:47:02Z INFO HostContext] Well known directory 'Bin': 'C:\Users\ADMIN\Desktop\html5up-massively\actions-runner\bin'
[2026-03-16 01:47:02Z INFO HostContext] Well known directory 'Root': 'C:\Users\ADMIN\Desktop\html5up-massively\actions-runner'
[2026-03-16 01:47:02Z INFO HostContext] Well known config file 'MigratedCredentials': 'C:\Users\ADMIN\Desktop\html5up-massively\actions-runner\.credentials_migrated'
[2026-03-16 01:47:02Z INFO ConfigurationStore] MigratedCredFilePath: C:\Users\ADMIN\Desktop\html5up-massively\actions-runner\.credentials_migrated
[2026-03-16 01:47:02Z INFO HostContext] Well known directory 'Bin': 'C:\Users\ADMIN\Desktop\html5up-massively\actions-runner\bin'
[2026-03-16 01:47:02Z INFO HostContext] Well known directory 'Root': 'C:\Users\ADMIN\Desktop\html5up-massively\actions-runner'
[2026-03-16 01:47:02Z INFO HostContext] Well known config file 'Service': 'C:\Users\ADMIN\Desktop\html5up-massively\actions-runner\.service'
[2026-03-16 01:47:02Z INFO ConfigurationStore] ServiceConfigFilePath: C:\Users\ADMIN\Desktop\html5up-massively\actions-runner\.service
[2026-03-16 01:47:02Z INFO CommandSettings] Flag 'help': 'False'
[2026-03-16 01:47:02Z INFO CommandSettings] Flag 'version': 'False'
[2026-03-16 01:47:02Z INFO CommandSettings] Flag 'commit': 'False'
[2026-03-16 01:47:02Z INFO CommandSettings] Flag 'check': 'False'
[2026-03-16 01:47:02Z INFO CommandSettings] Command 'configure': 'True'
[2026-03-16 01:47:02Z INFO Terminal] WRITE LINE: 
[2026-03-16 01:47:02Z INFO Terminal] WRITE LINE: --------------------------------------------------------------------------------
[2026-03-16 01:47:02Z INFO Terminal] WRITE LINE: |        ____ _ _   _   _       _          _        _   _                      |
[2026-03-16 01:47:02Z INFO Terminal] WRITE LINE: |       / ___(_) |_| | | |_   _| |__      / \   ___| |_(_) ___  _ __  ___      |
[2026-03-16 01:47:02Z INFO Terminal] WRITE LINE: |      | |  _| | __| |_| | | | | '_ \    / _ \ / __| __| |/ _ \| '_ \/ __|     |
[2026-03-16 01:47:02Z INFO Terminal] WRITE LINE: |      | |_| | | |_|  _  | |_| | |_) |  / ___ \ (__| |_| | (_) | | | \__ \     |
[2026-03-16 01:47:02Z INFO Terminal] WRITE LINE: |       \____|_|\__|_| |_|\__,_|_.__/  /_/   \_\___|\__|_|\___/|_| |_|___/     |
[2026-03-16 01:47:02Z INFO Terminal] WRITE LINE: |                                                                              |
[2026-03-16 01:47:02Z INFO Terminal] WRITE: |                       
[2026-03-16 01:47:02Z INFO Terminal] WRITE: Self-hosted runner registration
[2026-03-16 01:47:02Z INFO Terminal] WRITE LINE:                         |
[2026-03-16 01:47:02Z INFO Terminal] WRITE LINE: |                                                                              |
[2026-03-16 01:47:02Z INFO Terminal] WRITE LINE: --------------------------------------------------------------------------------
[2026-03-16 01:47:02Z INFO ConfigurationManager] ConfigureAsync
[2026-03-16 01:47:02Z INFO CommandSettings] Flag 'generateServiceConfig': 'False'
[2026-03-16 01:47:02Z INFO ConfigurationStore] IsConfigured()
[2026-03-16 01:47:02Z INFO ConfigurationStore] IsConfigured: False
[2026-03-16 01:47:02Z INFO ConfigurationManager] Is configured: False
[2026-03-16 01:47:02Z INFO CommandSettings] Arg 'url': 'https://github.com/Awalodia/devops-static-website'
[2026-03-16 01:47:02Z INFO CommandSettings] Remove url from Arg dictionary.
[2026-03-16 01:47:02Z INFO CommandSettings] Arg 'token': '***'
[2026-03-16 01:47:02Z INFO CommandSettings] Remove token from Arg dictionary.
[2026-03-16 01:47:03Z INFO ConfigurationManager] Http response code: OK from 'POST https://api.github.com/actions/runner-registration' (F0E4:2C532F:64DE2F1:5615676:69B76F46)
[2026-03-16 01:47:03Z INFO ConfigurationManager] Using runner-admin flow: False
[2026-03-16 01:47:03Z INFO ConfigurationManager] cred retrieved via GitHub auth
[2026-03-16 01:47:03Z INFO RunnerServer] EstablishVssConnection
[2026-03-16 01:47:03Z INFO RunnerServer] Establish connection with 100 seconds timeout.
[2026-03-16 01:47:03Z INFO GitHubActionsService] Starting operation Location.GetConnectionData
[2026-03-16 01:47:03Z INFO RunnerServer] EstablishVssConnection
[2026-03-16 01:47:03Z INFO RunnerServer] Establish connection with 60 seconds timeout.
[2026-03-16 01:47:03Z INFO GitHubActionsService] Starting operation Location.GetConnectionData
[2026-03-16 01:47:03Z INFO RunnerServer] EstablishVssConnection
[2026-03-16 01:47:03Z INFO RunnerServer] Establish connection with 60 seconds timeout.
[2026-03-16 01:47:03Z INFO GitHubActionsService] Starting operation Location.GetConnectionData
[2026-03-16 01:47:04Z INFO GitHubActionsService] Finished operation Location.GetConnectionData
[2026-03-16 01:47:04Z INFO GitHubActionsService] Finished operation Location.GetConnectionData
[2026-03-16 01:47:04Z INFO GitHubActionsService] Finished operation Location.GetConnectionData
[2026-03-16 01:47:04Z INFO Terminal] WRITE LINE: 
[2026-03-16 01:47:04Z INFO ConfigurationManager] Test Connection complete.
[2026-03-16 01:47:04Z INFO HostContext] Well known directory 'Bin': 'C:\Users\ADMIN\Desktop\html5up-massively\actions-runner\bin'
[2026-03-16 01:47:04Z INFO HostContext] Well known directory 'Root': 'C:\Users\ADMIN\Desktop\html5up-massively\actions-runner'
[2026-03-16 01:47:04Z INFO HostContext] Well known config file 'RSACredentials': 'C:\Users\ADMIN\Desktop\html5up-massively\actions-runner\.credentials_rsaparams'
[2026-03-16 01:47:04Z INFO RSAEncryptedFileKeyManager] Creating new RSA key using 2048-bit key length
[2026-03-16 01:47:05Z INFO RSAEncryptedFileKeyManager] Successfully saved RSA key parameters to file C:\Users\ADMIN\Desktop\html5up-massively\actions-runner\.credentials_rsaparams
[2026-03-16 01:47:05Z INFO CommandSettings] Arg 'runnergroup': ''
[2026-03-16 01:47:05Z INFO CommandSettings] Flag 'unattended': 'True'
[2026-03-16 01:47:05Z INFO PromptManager] ReadValue
[2026-03-16 01:47:05Z INFO Terminal] WRITE LINE: 
[2026-03-16 01:47:05Z INFO ConfigurationManager] Found a self-hosted runner group with id 1 and name Default
[2026-03-16 01:47:05Z INFO CommandSettings] Flag 'disableupdate': 'False'
[2026-03-16 01:47:05Z INFO CommandSettings] Flag 'ephemeral': 'False'
[2026-03-16 01:47:05Z INFO CommandSettings] Arg 'name': 'AWA-2'
[2026-03-16 01:47:05Z INFO CommandSettings] Remove name from Arg dictionary.
[2026-03-16 01:47:05Z INFO Terminal] WRITE LINE: 
[2026-03-16 01:47:05Z INFO CommandSettings] Arg 'labels': ''
[2026-03-16 01:47:05Z INFO CommandSettings] Flag 'unattended': 'True'
[2026-03-16 01:47:05Z INFO PromptManager] ReadValue
[2026-03-16 01:47:05Z INFO Terminal] WRITE LINE: 
[2026-03-16 01:47:05Z INFO CommandSettings] Flag 'disableupdate': 'False'
[2026-03-16 01:47:05Z INFO CommandSettings] Flag 'no-default-labels': 'False'
[2026-03-16 01:47:06Z INFO CommandSettings] Flag 'disableupdate': 'False'
[2026-03-16 01:47:06Z INFO CommandSettings] Flag 'ephemeral': 'False'
[2026-03-16 01:47:06Z INFO ConfigurationStore] Saving OAuth credential @ C:\Users\ADMIN\Desktop\html5up-massively\actions-runner\.credentials
[2026-03-16 01:47:06Z INFO ConfigurationStore] Credentials Saved.
[2026-03-16 01:47:06Z INFO ConfigurationManager] Service enforced serverUrlV2: https://broker.actions.githubusercontent.com/
[2026-03-16 01:47:06Z INFO ConfigurationManager] Service enforced useV2Flow: True
[2026-03-16 01:47:06Z INFO CommandSettings] Arg 'work': ''
[2026-03-16 01:47:06Z INFO CommandSettings] Flag 'unattended': 'True'
[2026-03-16 01:47:06Z INFO PromptManager] ReadValue
[2026-03-16 01:47:06Z INFO ConfigurationStore] Saving runner settings.
[2026-03-16 01:47:06Z INFO ConfigurationStore] Settings Saved.
[2026-03-16 01:47:06Z INFO Terminal] WRITE LINE: 
[2026-03-16 01:47:06Z INFO Terminal] WRITE LINE: 
[2026-03-16 01:47:06Z INFO CommandSettings] Flag 'runasservice': 'False'
[2026-03-16 01:47:06Z INFO CommandSettings] Flag 'unattended': 'True'
[2026-03-16 01:47:06Z INFO PromptManager] ReadValue
[2026-03-16 01:47:06Z INFO Listener] Runner execution has finished with return code 0
